<?xml version="1.0" encoding="UTF-8"?>
<testng-results ignored="0" total="1" passed="1" failed="0" skipped="0">
  <reporter-output>
  </reporter-output>
  <suite started-at="2021-01-22T15:03:58 PKT" name="Suite" finished-at="2021-01-22T15:05:04 PKT" duration-ms="65198">
    <groups>
    </groups>
    <test started-at="2021-01-22T15:03:58 PKT" name="Test" finished-at="2021-01-22T15:05:04 PKT" duration-ms="65198">
      <class name="Tests.LoginwithPIN">
        <test-method is-config="true" signature="setup(java.lang.String, java.lang.String, java.lang.String)[pri:0, instance:Tests.LoginwithPIN@41e36e46]" started-at="2021-01-22T15:03:58 PKT" name="setup" finished-at="2021-01-22T15:04:28 PKT" duration-ms="29893" status="PASS">
          <params>
            <param index="0">
              <value>
                <![CDATA[10]]>
              </value>
            </param>
            <param index="1">
              <value>
                <![CDATA[RF8NA1XLPWP]]>
              </value>
            </param>
            <param index="2">
              <value>
                <![CDATA[SamsungA21]]>
              </value>
            </param>
          </params>
          <reporter-output>
          </reporter-output>
        </test-method> <!-- setup -->
        <test-method signature="login()[pri:0, instance:Tests.LoginwithPIN@41e36e46]" started-at="2021-01-22T15:04:28 PKT" name="login" finished-at="2021-01-22T15:05:03 PKT" duration-ms="34798" status="PASS">
          <reporter-output>
          </reporter-output>
        </test-method> <!-- login -->
        <test-method is-config="true" signature="tearDown()[pri:0, instance:Tests.LoginwithPIN@41e36e46]" started-at="2021-01-22T15:05:03 PKT" name="tearDown" finished-at="2021-01-22T15:05:04 PKT" duration-ms="458" status="PASS">
          <reporter-output>
          </reporter-output>
        </test-method> <!-- tearDown -->
      </class> <!-- Tests.LoginwithPIN -->
    </test> <!-- Test -->
  </suite> <!-- Suite -->
</testng-results>
